Arguments: 
  /usr/local/Cellar/node/8.4.0/bin/node /usr/local/bin/yarn install

PATH: 
  /usr/local/bin:/usr/bin:/bin:/usr/sbin:/sbin

Yarn version: 
  1.3.2

Node version: 
  8.4.0

Platform: 
  darwin x64

npm manifest: 
  {
    "name": "onepunchcard",
    "version": "1.0.0",
    "description": "Mern Demo",
    "main": "server.js",
    "scripts": {
      "server": "node server.js",
      "client": "node scripts/start-client.js",
      "start": "concurrently \"nodemon server.js\" \"npm run client\"",
      "build": "node scripts/build.js",
      "test": "echo \"Error: no test specified\" && exit 1"
    },
    "author": "",
    "license": "ISC",
    "devDependencies": {
      "concurrently": "^3.5.0",
      "nodemon": "^1.11.0"
    },
    "dependencies": {
      "axios": "^0.18.0",
      "bcrypt": "^1.0.3",
      "body-parser": "^1.18.2",
      "connect-mongo": "^2.0.1",
      "express": "^4.16.2",
      "express-session": "^1.15.6",
      "google-maps-react": "^1.1.2",
      "mongoose": "^5.0.7",
      "react": "^16.2.0",
      "react-dom": "^16.2.0",
      "react-google-map": "^3.1.1",
      "react-google-maps-loader": "^4.1.0",
      "react-router": "^4.2.0",
      "react-router-dom": "^4.2.2",
      "react-scripts": "1.1.1"s
    },
    "repository": {
      "type": "git",
      "url": "git+https://github.com/andkcho/onepunchcard.git"
    },
    "bugs": {
      "url": "https://github.com/andkcho/onepunchcard/issues"
    }
  }

yarn manifest: 
  No manifest

Lockfile: 
  No lockfile

Trace: 
  SyntaxError: /Users/andrewchow/Desktop/create-react-express/package.json: Unexpected token s in JSON at position 956
      at JSON.parse (<anonymous>)
      at /usr/local/lib/node_modules/yarn/lib/cli.js:770:59
      at Generator.next (<anonymous>)
      at step (/usr/local/lib/node_modules/yarn/lib/cli.js:92:30)
      at /usr/local/lib/node_modules/yarn/lib/cli.js:103:13
      at <anonymous>
